<?xml version="1.0" encoding="UTF-8"?>
<!-- Generated by org.testng.reporters.JUnitXMLReporter -->
<testsuite ignored="0" hostname="D885319-W10" failures="1" tests="3" name="validateTitleTest" time="14.175" errors="0" timestamp="2021-09-26T19:38:41 IST">
  <testcase classname="ScratchFramework.validateTitleTest" name="basePageNavigation" time="0.293">
    <failure type="java.lang.AssertionError" message="expected [Deals of the Day...] but found [Deals of the Day]">
      <![CDATA[java.lang.AssertionError: expected [Deals of the Day...] but found [Deals of the Day]
at ScratchFramework.validateTitleTest.basePageNavigation(validateTitleTest.java:49)
at java.base/java.util.ArrayList.forEach(ArrayList.java:1511)
at java.base/java.util.concurrent.FutureTask.run(FutureTask.java:264)
at java.base/java.util.concurrent.ThreadPoolExecutor.runWorker(ThreadPoolExecutor.java:1130)
at java.base/java.util.concurrent.ThreadPoolExecutor$Worker.run(ThreadPoolExecutor.java:630)
at java.base/java.lang.Thread.run(Thread.java:831)
... Removed 23 stack frames]]>
    </failure>
  </testcase> <!-- basePageNavigation -->
  <testcase classname="ScratchFramework.validateFooterNavBarTest" name="basePageNavigation" time="0.266"/>
  <testcase classname="ScratchFramework.HomePageTest" name="basePageNavigation" time="10.259"/>
</testsuite> <!-- validateTitleTest -->
