<?xml version="1.0" encoding="UTF-8"?>
<testng-results ignored="1" total="13" passed="11" failed="1" skipped="0">
  <reporter-output>
  </reporter-output>
  <suite started-at="2021-09-17T14:11:21 IST" name="loan dept" finished-at="2021-09-17T14:11:21 IST" duration-ms="82">
    <groups>
      <group name="Smoke">
        <method signature="day1.Demo2()[pri:0, instance:test.day1@550ee7e5]" name="Demo2" class="test.day1"/>
        <method signature="day3.loginAPI_homeLoan()[pri:0, instance:test.day3@10163d6]" name="loginAPI_homeLoan" class="test.day3"/>
        <method signature="day2.webLogin_carLoan()[pri:0, instance:test.day2@4d0f2471]" name="webLogin_carLoan" class="test.day2"/>
      </group> <!-- Smoke -->
    </groups>
    <test started-at="2021-09-17T14:11:21 IST" name="car loan" finished-at="2021-09-17T14:11:21 IST" duration-ms="60">
      <class name="test.Bsics">
        <test-method is-config="true" signature="aftsuite()[pri:0, instance:test.Bsics@31e5415e]" started-at="2021-09-17T14:11:21 IST" name="aftsuite" finished-at="2021-09-17T14:11:21 IST" duration-ms="0" status="PASS">
          <reporter-output>
          </reporter-output>
        </test-method> <!-- aftsuite -->
      </class> <!-- test.Bsics -->
      <class name="test.day2">
        <test-method is-config="true" signature="bfsuite()[pri:0, instance:test.day2@4d0f2471]" started-at="2021-09-17T14:11:21 IST" name="bfsuite" finished-at="2021-09-17T14:11:21 IST" duration-ms="6" status="PASS">
          <reporter-output>
          </reporter-output>
        </test-method> <!-- bfsuite -->
        <test-method is-config="true" signature="befrClass()[pri:0, instance:test.day2@4d0f2471]" started-at="2021-09-17T14:11:21 IST" name="befrClass" finished-at="2021-09-17T14:11:21 IST" duration-ms="0" status="PASS">
          <reporter-output>
          </reporter-output>
        </test-method> <!-- befrClass -->
        <test-method is-config="true" signature="befrEvery()[pri:0, instance:test.day2@4d0f2471]" started-at="2021-09-17T14:11:21 IST" name="befrEvery" finished-at="2021-09-17T14:11:21 IST" duration-ms="0" status="PASS">
          <reporter-output>
          </reporter-output>
        </test-method> <!-- befrEvery -->
        <test-method signature="mobileLogin_carLoan()[pri:0, instance:test.day2@4d0f2471]" started-at="2021-09-17T14:11:21 IST" name="mobileLogin_carLoan" finished-at="2021-09-17T14:11:21 IST" duration-ms="7" status="PASS">
          <reporter-output>
          </reporter-output>
        </test-method> <!-- mobileLogin_carLoan -->
        <test-method is-config="true" signature="aftEvery()[pri:0, instance:test.day2@4d0f2471]" started-at="2021-09-17T14:11:21 IST" name="aftEvery" finished-at="2021-09-17T14:11:21 IST" duration-ms="0" status="PASS">
          <reporter-output>
          </reporter-output>
        </test-method> <!-- aftEvery -->
        <test-method is-config="true" signature="befrEvery()[pri:0, instance:test.day2@4d0f2471]" started-at="2021-09-17T14:11:21 IST" name="befrEvery" finished-at="2021-09-17T14:11:21 IST" duration-ms="0" status="PASS">
          <reporter-output>
          </reporter-output>
        </test-method> <!-- befrEvery -->
        <test-method signature="webLogin_carLoan()[pri:0, instance:test.day2@4d0f2471]" started-at="2021-09-17T14:11:21 IST" name="webLogin_carLoan" finished-at="2021-09-17T14:11:21 IST" duration-ms="2" status="PASS">
          <reporter-output>
          </reporter-output>
        </test-method> <!-- webLogin_carLoan -->
        <test-method is-config="true" signature="aftEvery()[pri:0, instance:test.day2@4d0f2471]" started-at="2021-09-17T14:11:21 IST" name="aftEvery" finished-at="2021-09-17T14:11:21 IST" duration-ms="1" status="PASS">
          <reporter-output>
          </reporter-output>
        </test-method> <!-- aftEvery -->
        <test-method signature="loginAPI_carLoan()[pri:0, instance:test.day2@4d0f2471]" started-at="2021-09-17T14:11:21 IST" name="loginAPI_carLoan" finished-at="2021-09-17T14:11:21 IST" depends-on-methods="test.day2.mobileLogin_carLoan" duration-ms="2" status="PASS">
          <reporter-output>
          </reporter-output>
        </test-method> <!-- loginAPI_carLoan -->
        <test-method is-config="true" signature="befrEvery()[pri:0, instance:test.day2@4d0f2471]" started-at="2021-09-17T14:11:21 IST" name="befrEvery" finished-at="2021-09-17T14:11:21 IST" duration-ms="0" status="PASS">
          <reporter-output>
          </reporter-output>
        </test-method> <!-- befrEvery -->
        <test-method is-config="true" signature="aftEvery()[pri:0, instance:test.day2@4d0f2471]" started-at="2021-09-17T14:11:21 IST" name="aftEvery" finished-at="2021-09-17T14:11:21 IST" duration-ms="0" status="PASS">
          <reporter-output>
          </reporter-output>
        </test-method> <!-- aftEvery -->
        <test-method is-config="true" signature="afterClass()[pri:0, instance:test.day2@4d0f2471]" started-at="2021-09-17T14:11:21 IST" name="afterClass" finished-at="2021-09-17T14:11:21 IST" duration-ms="0" status="PASS">
          <reporter-output>
          </reporter-output>
        </test-method> <!-- afterClass -->
      </class> <!-- test.day2 -->
    </test> <!-- car loan -->
    <test started-at="2021-09-17T14:11:21 IST" name="personal loan" finished-at="2021-09-17T14:11:21 IST" duration-ms="82">
      <class name="test.Bsics">
        <test-method signature="Demo()[pri:0, instance:test.Bsics@31e5415e]" started-at="2021-09-17T14:11:21 IST" name="Demo" finished-at="2021-09-17T14:11:21 IST" duration-ms="4" status="PASS">
          <reporter-output>
          </reporter-output>
        </test-method> <!-- Demo -->
        <test-method is-config="true" signature="lastexecute()[pri:0, instance:test.Bsics@31e5415e]" started-at="2021-09-17T14:11:21 IST" name="lastexecute" finished-at="2021-09-17T14:11:21 IST" duration-ms="0" status="PASS">
          <reporter-output>
          </reporter-output>
        </test-method> <!-- lastexecute -->
      </class> <!-- test.Bsics -->
      <class name="test.day3">
        <test-method is-config="true" signature="prerequisite()[pri:0, instance:test.day3@10163d6]" started-at="2021-09-17T14:11:21 IST" name="prerequisite" finished-at="2021-09-17T14:11:21 IST" duration-ms="1" status="PASS">
          <reporter-output>
          </reporter-output>
        </test-method> <!-- prerequisite -->
        <test-method signature="loginAPI_homeLoan()[pri:0, instance:test.day3@10163d6]" started-at="2021-09-17T14:11:21 IST" name="loginAPI_homeLoan" finished-at="2021-09-17T14:11:21 IST" duration-ms="2" status="PASS">
          <reporter-output>
          </reporter-output>
        </test-method> <!-- loginAPI_homeLoan -->
        <test-method signature="mobileLogin(java.lang.String,java.lang.String)[pri:0, instance:test.day3@10163d6]" started-at="2021-09-17T14:11:21 IST" name="mobileLogin" data-provider="getData" finished-at="2021-09-17T14:11:21 IST" duration-ms="2" status="PASS">
          <params>
            <param index="0">
              <value>
                <![CDATA[first_uername]]>
              </value>
            </param>
            <param index="1">
              <value>
                <![CDATA[password]]>
              </value>
            </param>
          </params>
          <reporter-output>
          </reporter-output>
        </test-method> <!-- mobileLogin -->
        <test-method signature="mobileLogin(java.lang.String,java.lang.String)[pri:0, instance:test.day3@10163d6]" started-at="2021-09-17T14:11:21 IST" name="mobileLogin" data-provider="getData" finished-at="2021-09-17T14:11:21 IST" duration-ms="2" status="PASS">
          <params>
            <param index="0">
              <value>
                <![CDATA[second_uername]]>
              </value>
            </param>
            <param index="1">
              <value>
                <![CDATA[second_password]]>
              </value>
            </param>
          </params>
          <reporter-output>
          </reporter-output>
        </test-method> <!-- mobileLogin -->
        <test-method signature="mobileLogin(java.lang.String,java.lang.String)[pri:0, instance:test.day3@10163d6]" started-at="2021-09-17T14:11:21 IST" name="mobileLogin" data-provider="getData" finished-at="2021-09-17T14:11:21 IST" duration-ms="2" status="PASS">
          <params>
            <param index="0">
              <value>
                <![CDATA[third_uername]]>
              </value>
            </param>
            <param index="1">
              <value>
                <![CDATA[third_password]]>
              </value>
            </param>
          </params>
          <reporter-output>
          </reporter-output>
        </test-method> <!-- mobileLogin -->
        <test-method signature="mobileLogin_homeLoan()[pri:0, instance:test.day3@10163d6]" started-at="2021-09-17T14:11:21 IST" name="mobileLogin_homeLoan" finished-at="2021-09-17T14:11:21 IST" duration-ms="2" status="PASS">
          <reporter-output>
          </reporter-output>
        </test-method> <!-- mobileLogin_homeLoan -->
        <test-method signature="webLogin_homeLoan(java.lang.String,java.lang.String)[pri:0, instance:test.day3@10163d6]" started-at="2021-09-17T14:11:21 IST" name="webLogin_homeLoan" finished-at="2021-09-17T14:11:21 IST" duration-ms="1" status="PASS">
          <params>
            <param index="0">
              <value>
                <![CDATA[qaacademy.com]]>
              </value>
            </param>
            <param index="1">
              <value>
                <![CDATA[123456]]>
              </value>
            </param>
          </params>
          <reporter-output>
          </reporter-output>
        </test-method> <!-- webLogin_homeLoan -->
      </class> <!-- test.day3 -->
      <class name="test.day1">
        <test-method signature="Demo2()[pri:0, instance:test.day1@550ee7e5]" started-at="2021-09-17T14:11:21 IST" name="Demo2" finished-at="2021-09-17T14:11:21 IST" duration-ms="7" status="PASS">
          <reporter-output>
          </reporter-output>
        </test-method> <!-- Demo2 -->
        <test-method signature="testListener()[pri:0, instance:test.day1@550ee7e5]" started-at="2021-09-17T14:11:21 IST" name="testListener" finished-at="2021-09-17T14:11:21 IST" duration-ms="7" status="FAIL">
          <exception class="java.lang.AssertionError">
            <message>
              <![CDATA[expected [true] but found [false]]]>
            </message>
            <full-stacktrace>
              <![CDATA[java.lang.AssertionError: expected [true] but found [false]
at org.testng.Assert.fail(Assert.java:99)
at org.testng.Assert.failNotEquals(Assert.java:1037)
at org.testng.Assert.assertTrue(Assert.java:45)
at org.testng.Assert.assertTrue(Assert.java:55)
at test.day1.testListener(day1.java:23)
at java.base/jdk.internal.reflect.NativeMethodAccessorImpl.invoke0(Native Method)
at java.base/jdk.internal.reflect.NativeMethodAccessorImpl.invoke(NativeMethodAccessorImpl.java:78)
at java.base/jdk.internal.reflect.DelegatingMethodAccessorImpl.invoke(DelegatingMethodAccessorImpl.java:43)
at java.base/java.lang.reflect.Method.invoke(Method.java:567)
at org.testng.internal.MethodInvocationHelper.invokeMethod(MethodInvocationHelper.java:133)
at org.testng.internal.TestInvoker.invokeMethod(TestInvoker.java:598)
at org.testng.internal.TestInvoker.invokeTestMethod(TestInvoker.java:173)
at org.testng.internal.MethodRunner.runInSequence(MethodRunner.java:46)
at org.testng.internal.TestInvoker$MethodInvocationAgent.invoke(TestInvoker.java:824)
at org.testng.internal.TestInvoker.invokeTestMethods(TestInvoker.java:146)
at org.testng.internal.TestMethodWorker.invokeTestMethods(TestMethodWorker.java:146)
at org.testng.internal.TestMethodWorker.run(TestMethodWorker.java:128)
at java.base/java.util.ArrayList.forEach(ArrayList.java:1511)
at org.testng.TestRunner.privateRun(TestRunner.java:794)
at org.testng.TestRunner.run(TestRunner.java:596)
at org.testng.SuiteRunner.runTest(SuiteRunner.java:377)
at org.testng.SuiteRunner.access$000(SuiteRunner.java:28)
at org.testng.SuiteRunner$SuiteWorker.run(SuiteRunner.java:418)
at org.testng.internal.thread.ThreadUtil.lambda$execute$0(ThreadUtil.java:64)
at java.base/java.util.concurrent.FutureTask.run(FutureTask.java:264)
at java.base/java.util.concurrent.ThreadPoolExecutor.runWorker(ThreadPoolExecutor.java:1130)
at java.base/java.util.concurrent.ThreadPoolExecutor$Worker.run(ThreadPoolExecutor.java:630)
at java.base/java.lang.Thread.run(Thread.java:831)
]]>
            </full-stacktrace>
          </exception> <!-- java.lang.AssertionError -->
          <reporter-output>
          </reporter-output>
        </test-method> <!-- testListener -->
      </class> <!-- test.day1 -->
    </test> <!-- personal loan -->
  </suite> <!-- loan dept -->
</testng-results>
