<?xml version="1.0" encoding="UTF-8"?>
<!-- Generated by org.testng.reporters.JUnitXMLReporter -->
<testsuite ignored="0" hostname="D885319-W10" failures="1" tests="4" name="HomePageTest" time="23.891" errors="0" timestamp="2021-10-01T12:02:56 IST">
  <testcase classname="ScratchFramework.validateFooterNavBarTest" name="basePageNavigation" time="0.245"/>
  <testcase classname="ScratchFramework.validateTitleTest" name="basePageNavigation" time="0.09">
    <failure type="java.lang.AssertionError" message="expected [Deals of the Day] but found [Men&amp;apos;s Footwear]">
      <![CDATA[java.lang.AssertionError: expected [Deals of the Day] but found [Men's Footwear]
at ScratchFramework.validateTitleTest.basePageNavigation(validateTitleTest.java:49)
at java.base/java.util.ArrayList.forEach(ArrayList.java:1511)
at java.base/java.util.concurrent.FutureTask.run(FutureTask.java:264)
at java.base/java.util.concurrent.ThreadPoolExecutor.runWorker(ThreadPoolExecutor.java:1130)
at java.base/java.util.concurrent.ThreadPoolExecutor$Worker.run(ThreadPoolExecutor.java:630)
at java.base/java.lang.Thread.run(Thread.java:831)
... Removed 23 stack frames]]>
    </failure>
  </testcase> <!-- basePageNavigation -->
  <testcase classname="ScratchFramework.HomePageTest" name="basePageNavigation" time="9.449"/>
  <testcase classname="ScratchFramework.HomePageTest" name="basePageNavigation" time="6.876"/>
</testsuite> <!-- HomePageTest -->
