<?xml version="1.0" encoding="UTF-8"?>
<!-- Generated by org.testng.reporters.JUnitXMLReporter -->
<testsuite ignored="0" hostname="D885319-W10" failures="0" tests="4" name="validateTitleTest" time="3.878" errors="0" timestamp="2021-10-01T11:57:34 IST">
  <testcase classname="ScratchFramework.validateTitleTest" name="@BeforeTest initialize" time="3.477">
    <failure type="org.openqa.selenium.SessionNotCreatedException" message="session not created: This version of ChromeDriver only supports Chrome version 92
Current browser version is 94.0.4606.71 with binary path C:\Program Files (x86)\Google\Chrome\Application\chrome.exe
Build info: version: &amp;apos;3.141.59&amp;apos;, revision: &amp;apos;e82be7d358&amp;apos;, time: &amp;apos;2018-11-14T08:17:03&amp;apos;
System info: host: &amp;apos;D885319-W10&amp;apos;, ip: &amp;apos;192.168.0.105&amp;apos;, os.name: &amp;apos;Windows 10&amp;apos;, os.arch: &amp;apos;amd64&amp;apos;, os.version: &amp;apos;10.0&amp;apos;, java.version: &amp;apos;16.0.1&amp;apos;
Driver info: driver.version: ChromeDriver
remote stacktrace: Backtrace:
	Ordinal0 [0x00662A33+2501171]
	Ordinal0 [0x005FD1C1+2085313]
	Ordinal0 [0x00501FA8+1056680]
	Ordinal0 [0x0052020A+1180170]
	Ordinal0 [0x0051C125+1163557]
	Ordinal0 [0x0051997F+1153407]
	Ordinal0 [0x0054999F+1350047]
	Ordinal0 [0x0054960A+1349130]
	Ordinal0 [0x0054551B+1332507]
	Ordinal0 [0x00521D74+1187188]
	Ordinal0 [0x00522BD9+1190873]
	GetHandleVerifier [0x007DEFE6+1504438]
	GetHandleVerifier [0x0088DDA5+2220661]
	GetHandleVerifier [0x006E5589+481881]
	GetHandleVerifier [0x006E4639+477961]
	Ordinal0 [0x006028BD+2107581]
	Ordinal0 [0x00606728+2123560]
	Ordinal0 [0x00606862+2123874]
	Ordinal0 [0x0060FA81+2161281]
	BaseThreadInitThunk [0x7690FA29+25]
	RtlGetAppContainerNamedObjectPath [0x77B57A9E+286]
	RtlGetAppContainerNamedObjectPath [0x77B57A6E+238]
">
      <![CDATA[org.openqa.selenium.SessionNotCreatedException: session not created: This version of ChromeDriver only supports Chrome version 92
Current browser version is 94.0.4606.71 with binary path C:\Program Files (x86)\Google\Chrome\Application\chrome.exe
Build info: version: '3.141.59', revision: 'e82be7d358', time: '2018-11-14T08:17:03'
System info: host: 'D885319-W10', ip: '192.168.0.105', os.name: 'Windows 10', os.arch: 'amd64', os.version: '10.0', java.version: '16.0.1'
Driver info: driver.version: ChromeDriver
remote stacktrace: Backtrace:
Ordinal0 [0x00662A33+2501171]
Ordinal0 [0x005FD1C1+2085313]
Ordinal0 [0x00501FA8+1056680]
Ordinal0 [0x0052020A+1180170]
Ordinal0 [0x0051C125+1163557]
Ordinal0 [0x0051997F+1153407]
Ordinal0 [0x0054999F+1350047]
Ordinal0 [0x0054960A+1349130]
Ordinal0 [0x0054551B+1332507]
Ordinal0 [0x00521D74+1187188]
Ordinal0 [0x00522BD9+1190873]
GetHandleVerifier [0x007DEFE6+1504438]
GetHandleVerifier [0x0088DDA5+2220661]
GetHandleVerifier [0x006E5589+481881]
GetHandleVerifier [0x006E4639+477961]
Ordinal0 [0x006028BD+2107581]
Ordinal0 [0x00606728+2123560]
Ordinal0 [0x00606862+2123874]
Ordinal0 [0x0060FA81+2161281]
BaseThreadInitThunk [0x7690FA29+25]
RtlGetAppContainerNamedObjectPath [0x77B57A9E+286]
RtlGetAppContainerNamedObjectPath [0x77B57A6E+238]

at org.openqa.selenium.remote.W3CHandshakeResponse.lambda$errorHandler$0(W3CHandshakeResponse.java:62)
at org.openqa.selenium.remote.HandshakeResponse.lambda$getResponseFunction$0(HandshakeResponse.java:30)
at org.openqa.selenium.remote.ProtocolHandshake.lambda$createSession$0(ProtocolHandshake.java:126)
at java.base/java.util.stream.ReferencePipeline$3$1.accept(ReferencePipeline.java:197)
at java.base/java.util.Spliterators$ArraySpliterator.tryAdvance(Spliterators.java:958)
at java.base/java.util.stream.ReferencePipeline.forEachWithCancel(ReferencePipeline.java:129)
at java.base/java.util.stream.AbstractPipeline.copyIntoWithCancel(AbstractPipeline.java:502)
at java.base/java.util.stream.AbstractPipeline.copyInto(AbstractPipeline.java:488)
at java.base/java.util.stream.AbstractPipeline.wrapAndCopyInto(AbstractPipeline.java:474)
at java.base/java.util.stream.FindOps$FindOp.evaluateSequential(FindOps.java:150)
at java.base/java.util.stream.AbstractPipeline.evaluate(AbstractPipeline.java:234)
at java.base/java.util.stream.ReferencePipeline.findFirst(ReferencePipeline.java:647)
at org.openqa.selenium.remote.ProtocolHandshake.createSession(ProtocolHandshake.java:128)
at org.openqa.selenium.remote.ProtocolHandshake.createSession(ProtocolHandshake.java:74)
at org.openqa.selenium.remote.HttpCommandExecutor.execute(HttpCommandExecutor.java:136)
at org.openqa.selenium.remote.service.DriverCommandExecutor.execute(DriverCommandExecutor.java:83)
at org.openqa.selenium.remote.RemoteWebDriver.execute(RemoteWebDriver.java:552)
at org.openqa.selenium.remote.RemoteWebDriver.startSession(RemoteWebDriver.java:213)
at org.openqa.selenium.remote.RemoteWebDriver.<init>(RemoteWebDriver.java:131)
at org.openqa.selenium.chrome.ChromeDriver.<init>(ChromeDriver.java:181)
at org.openqa.selenium.chrome.ChromeDriver.<init>(ChromeDriver.java:168)
at org.openqa.selenium.chrome.ChromeDriver.<init>(ChromeDriver.java:123)
at resources.base.initDriver(base.java:36)
at ScratchFramework.validateTitleTest.initialize(validateTitleTest.java:32)
at java.base/java.util.concurrent.FutureTask.run(FutureTask.java:264)
at java.base/java.util.concurrent.ThreadPoolExecutor.runWorker(ThreadPoolExecutor.java:1130)
at java.base/java.util.concurrent.ThreadPoolExecutor$Worker.run(ThreadPoolExecutor.java:630)
at java.base/java.lang.Thread.run(Thread.java:831)
... Removed 20 stack frames]]>
    </failure>
  </testcase> <!-- @BeforeTest initialize -->
  <testcase classname="ScratchFramework.validateTitleTest" name="@AfterTest tearDown" time="-1.633069654084E9">
    <skipped/>
  </testcase> <!-- @AfterTest tearDown -->
  <testcase classname="ScratchFramework.HomePageTest" name="basePageNavigation" time="0.0">
    <skipped/>
  </testcase> <!-- basePageNavigation -->
  <testcase classname="ScratchFramework.HomePageTest" name="basePageNavigation" time="0.0">
    <skipped/>
  </testcase> <!-- basePageNavigation -->
  <testcase classname="ScratchFramework.validateTitleTest" name="basePageNavigation" time="0.0">
    <skipped/>
  </testcase> <!-- basePageNavigation -->
  <testcase classname="ScratchFramework.validateFooterNavBarTest" name="basePageNavigation" time="0.0">
    <skipped/>
  </testcase> <!-- basePageNavigation -->
</testsuite> <!-- validateTitleTest -->
